2022-04-14 12:10:10,187 | MainThread   | [DEBUG   ] | run                 |: Starting Flatland
2022-04-14 12:10:13,185 | MainThread   | [DEBUG   ] | __init__            |: | Observations per loop: 18
2022-04-14 12:12:17,534 | MainThread   | [DEBUG   ] | run                 |: Exiting gracefully
2022-04-14 12:12:26,212 | MainThread   | [DEBUG   ] | run                 |: Starting Flatland
2022-04-14 12:12:28,258 | MainThread   | [DEBUG   ] | __init__            |: | Observations per loop: 18
2022-04-14 12:13:09,278 | MainThread   | [DEBUG   ] | run                 |: Exiting gracefully
2022-04-14 12:14:02,259 | MainThread   | [DEBUG   ] | run                 |: Starting Flatland
2022-04-14 12:14:04,169 | MainThread   | [DEBUG   ] | __init__            |: | Observations per loop: 18
2022-04-14 12:19:44,442 | MainThread   | [DEBUG   ] | run                 |: Exiting gracefully
2022-04-14 12:34:46,354 | MainThread   | [DEBUG   ] | run                 |: Starting Flatland
2022-04-14 12:34:48,581 | MainThread   | [DEBUG   ] | __init__            |: | Observations per loop: 18
2022-04-14 12:35:39,630 | MainThread   | [DEBUG   ] | run                 |: Exiting gracefully
2022-04-20 15:23:08,632 | MainThread   | [DEBUG   ] | run                 |: Starting Flatland
2022-04-20 15:23:10,930 | MainThread   | [DEBUG   ] | __init__            |: | Observations per loop: 18
2022-04-20 15:24:38,524 | MainThread   | [DEBUG   ] | signal_handler      |: Received SIGTERM
2022-04-20 15:24:38,524 | MainThread   | [DEBUG   ] | run                 |: Exiting gracefully
2022-04-20 15:24:52,465 | MainThread   | [DEBUG   ] | run                 |: Starting Flatland
2022-04-20 15:24:54,530 | MainThread   | [DEBUG   ] | __init__            |: | Observations per loop: 18
2022-04-20 15:57:32,623 | MainThread   | [DEBUG   ] | _create_generator   |: | Executing Observation Loop at 120.000 deg/s
2022-04-20 15:57:35,968 | MainThread   | [DEBUG   ] | step                |: | Angle diff after obs loop :341.998 deg
2022-04-20 15:58:19,820 | MainThread   | [DEBUG   ] | signal_handler      |: Received SIGTERM
2022-04-20 15:58:19,820 | MainThread   | [DEBUG   ] | run                 |: Exiting gracefully
2022-04-22 12:18:27,377 | MainThread   | [DEBUG   ] | run                 |: Starting Flatland
2022-04-22 12:18:28,937 | MainThread   | [DEBUG   ] | __init__            |: | Observations per loop: 18
2022-04-22 12:20:55,767 | MainThread   | [DEBUG   ] | _create_generator   |: | Executing Observation Loop at 120.000 deg/s
2022-04-22 12:20:58,624 | MainThread   | [DEBUG   ] | step                |: | Angle diff after obs loop :341.998 deg
2022-04-22 12:23:33,431 | MainThread   | [DEBUG   ] | signal_handler      |: Received SIGTERM
2022-04-22 12:23:33,431 | MainThread   | [DEBUG   ] | run                 |: Exiting gracefully
2022-04-22 12:24:29,378 | MainThread   | [DEBUG   ] | run                 |: Starting Flatland
2022-04-22 12:24:31,538 | MainThread   | [DEBUG   ] | __init__            |: | Observations per loop: 18
2022-04-22 12:24:36,917 | MainThread   | [DEBUG   ] | _create_generator   |: | Executing Observation Loop at 120.000 deg/s
2022-04-22 12:24:39,853 | MainThread   | [DEBUG   ] | step                |: | Angle diff after obs loop :342.000 deg
2022-04-22 12:55:48,221 | MainThread   | [DEBUG   ] | signal_handler      |: Received SIGTERM
2022-04-22 12:55:48,222 | MainThread   | [DEBUG   ] | run                 |: Exiting gracefully
2022-05-02 12:13:33,573 | MainThread   | [DEBUG   ] | run                 |: Starting Flatland
2022-05-02 12:13:36,134 | MainThread   | [DEBUG   ] | __init__            |: | Observations per loop: 18
2022-05-02 12:13:47,198 | MainThread   | [DEBUG   ] | signal_handler      |: Received SIGTERM
2022-05-02 12:13:47,198 | MainThread   | [DEBUG   ] | run                 |: Exiting gracefully
2022-05-02 12:52:03,465 | MainThread   | [DEBUG   ] | run                 |: Starting Flatland
2022-05-02 12:52:05,451 | MainThread   | [DEBUG   ] | __init__            |: | Observations per loop: 18
2022-05-02 12:53:10,364 | MainThread   | [DEBUG   ] | _create_generator   |: | Executing Observation Loop at 120.000 deg/s
2022-05-02 12:53:15,013 | MainThread   | [DEBUG   ] | step                |: | Angle diff after obs loop :340.221 deg
2022-05-02 12:53:35,943 | MainThread   | [DEBUG   ] | _create_generator   |: | Executing Observation Loop at 120.000 deg/s
2022-05-02 12:53:38,862 | MainThread   | [DEBUG   ] | step                |: | Angle diff after obs loop :342.000 deg
2022-05-02 12:53:51,190 | MainThread   | [DEBUG   ] | _create_generator   |: | Executing Observation Loop at 120.000 deg/s
2022-05-02 12:53:54,027 | MainThread   | [DEBUG   ] | step                |: | Angle diff after obs loop :342.000 deg
2022-05-02 12:54:01,708 | MainThread   | [DEBUG   ] | _create_generator   |: | Executing Observation Loop at 120.000 deg/s
2022-05-02 12:54:04,544 | MainThread   | [DEBUG   ] | step                |: | Angle diff after obs loop :342.000 deg
2022-05-02 12:54:07,059 | MainThread   | [DEBUG   ] | _create_generator   |: | Executing Observation Loop at 120.000 deg/s
2022-05-02 12:54:09,911 | MainThread   | [DEBUG   ] | step                |: | Angle diff after obs loop :341.998 deg
2022-05-02 12:54:11,532 | MainThread   | [DEBUG   ] | _create_generator   |: | Executing Observation Loop at 120.000 deg/s
2022-05-02 12:54:14,349 | MainThread   | [DEBUG   ] | step                |: | Angle diff after obs loop :341.998 deg
2022-05-02 12:54:15,868 | MainThread   | [DEBUG   ] | _create_generator   |: | Executing Observation Loop at 120.000 deg/s
2022-05-02 12:54:18,705 | MainThread   | [DEBUG   ] | step                |: | Angle diff after obs loop :341.998 deg
2022-05-02 12:54:22,285 | MainThread   | [DEBUG   ] | _create_generator   |: | Executing Observation Loop at 120.000 deg/s
2022-05-02 12:54:25,096 | MainThread   | [DEBUG   ] | step                |: | Angle diff after obs loop :341.998 deg
2022-05-02 12:54:31,590 | MainThread   | [DEBUG   ] | _create_generator   |: | Executing Observation Loop at 120.000 deg/s
2022-05-02 12:54:34,374 | MainThread   | [DEBUG   ] | step                |: | Angle diff after obs loop :340.017 deg
2022-05-02 12:54:37,376 | MainThread   | [DEBUG   ] | _create_generator   |: | Executing Observation Loop at 120.000 deg/s
2022-05-02 12:54:40,152 | MainThread   | [DEBUG   ] | step                |: | Angle diff after obs loop :340.017 deg
2022-05-02 12:54:42,745 | MainThread   | [DEBUG   ] | _create_generator   |: | Executing Observation Loop at 120.000 deg/s
2022-05-02 12:54:45,520 | MainThread   | [DEBUG   ] | step                |: | Angle diff after obs loop :340.017 deg
2022-05-02 12:54:49,019 | MainThread   | [DEBUG   ] | _create_generator   |: | Executing Observation Loop at 120.000 deg/s
2022-05-02 12:54:51,814 | MainThread   | [DEBUG   ] | step                |: | Angle diff after obs loop :340.017 deg
2022-05-02 12:54:55,571 | MainThread   | [DEBUG   ] | _create_generator   |: | Executing Observation Loop at 120.000 deg/s
2022-05-02 12:54:58,357 | MainThread   | [DEBUG   ] | step                |: | Angle diff after obs loop :340.010 deg
2022-05-02 12:55:01,588 | MainThread   | [DEBUG   ] | _create_generator   |: | Executing Observation Loop at 120.000 deg/s
2022-05-02 12:55:04,401 | MainThread   | [DEBUG   ] | step                |: | Angle diff after obs loop :341.979 deg
2022-05-02 12:55:08,067 | MainThread   | [DEBUG   ] | _create_generator   |: | Executing Observation Loop at 120.000 deg/s
2022-05-02 12:55:10,881 | MainThread   | [DEBUG   ] | step                |: | Angle diff after obs loop :341.979 deg
2022-05-02 12:55:14,350 | MainThread   | [DEBUG   ] | _create_generator   |: | Executing Observation Loop at 120.000 deg/s
2022-05-02 12:55:17,192 | MainThread   | [DEBUG   ] | step                |: | Angle diff after obs loop :341.979 deg
2022-05-02 12:55:19,714 | MainThread   | [DEBUG   ] | _create_generator   |: | Executing Observation Loop at 120.000 deg/s
2022-05-02 12:55:22,522 | MainThread   | [DEBUG   ] | step                |: | Angle diff after obs loop :341.979 deg
2022-05-02 12:55:26,150 | MainThread   | [DEBUG   ] | _create_generator   |: | Executing Observation Loop at 120.000 deg/s
2022-05-02 12:55:28,958 | MainThread   | [DEBUG   ] | step                |: | Angle diff after obs loop :341.979 deg
2022-05-02 12:55:32,574 | MainThread   | [DEBUG   ] | _create_generator   |: | Executing Observation Loop at 120.000 deg/s
2022-05-02 12:55:35,382 | MainThread   | [DEBUG   ] | step                |: | Angle diff after obs loop :341.979 deg
2022-05-02 12:56:39,389 | MainThread   | [DEBUG   ] | signal_handler      |: Received SIGTERM
2022-05-02 12:56:39,389 | MainThread   | [DEBUG   ] | run                 |: Exiting gracefully
2022-05-02 19:26:16,944 | MainThread   | [DEBUG   ] | run                 |: Starting Flatland
2022-05-02 19:26:18,696 | MainThread   | [DEBUG   ] | __init__            |: | Observations per loop: 18
2022-05-02 19:26:41,402 | MainThread   | [DEBUG   ] | _create_generator   |: | Executing Observation Loop at 120.000 deg/s
2022-05-02 19:26:45,196 | MainThread   | [DEBUG   ] | step                |: | Angle diff after obs loop :342.000 deg
2022-05-02 19:27:11,895 | MainThread   | [DEBUG   ] | _create_generator   |: | Executing Observation Loop at 120.000 deg/s
2022-05-02 19:27:14,764 | MainThread   | [DEBUG   ] | step                |: | Angle diff after obs loop :342.000 deg
2022-05-02 19:27:17,370 | MainThread   | [DEBUG   ] | _create_generator   |: | Executing Observation Loop at 120.000 deg/s
2022-05-02 19:27:20,219 | MainThread   | [DEBUG   ] | step                |: | Angle diff after obs loop :341.998 deg
2022-05-02 19:27:21,837 | MainThread   | [DEBUG   ] | _create_generator   |: | Executing Observation Loop at 120.000 deg/s
2022-05-02 19:27:24,694 | MainThread   | [DEBUG   ] | step                |: | Angle diff after obs loop :341.998 deg
2022-05-02 19:27:26,324 | MainThread   | [DEBUG   ] | _create_generator   |: | Executing Observation Loop at 120.000 deg/s
2022-05-02 19:27:29,177 | MainThread   | [DEBUG   ] | step                |: | Angle diff after obs loop :341.998 deg
2022-05-02 19:27:32,814 | MainThread   | [DEBUG   ] | _create_generator   |: | Executing Observation Loop at 120.000 deg/s
2022-05-02 19:27:35,665 | MainThread   | [DEBUG   ] | step                |: | Angle diff after obs loop :341.998 deg
2022-05-02 19:27:42,405 | MainThread   | [DEBUG   ] | _create_generator   |: | Executing Observation Loop at 120.000 deg/s
2022-05-02 19:27:45,241 | MainThread   | [DEBUG   ] | step                |: | Angle diff after obs loop :340.017 deg
2022-05-02 19:27:47,860 | MainThread   | [DEBUG   ] | _create_generator   |: | Executing Observation Loop at 120.000 deg/s
2022-05-02 19:27:50,695 | MainThread   | [DEBUG   ] | step                |: | Angle diff after obs loop :340.017 deg
2022-05-02 19:27:53,331 | MainThread   | [DEBUG   ] | _create_generator   |: | Executing Observation Loop at 120.000 deg/s
2022-05-02 19:27:56,166 | MainThread   | [DEBUG   ] | step                |: | Angle diff after obs loop :340.017 deg
2022-05-02 19:27:59,787 | MainThread   | [DEBUG   ] | _create_generator   |: | Executing Observation Loop at 120.000 deg/s
2022-05-02 19:28:02,622 | MainThread   | [DEBUG   ] | step                |: | Angle diff after obs loop :340.017 deg
2022-05-02 19:28:06,410 | MainThread   | [DEBUG   ] | _create_generator   |: | Executing Observation Loop at 120.000 deg/s
2022-05-02 19:28:09,244 | MainThread   | [DEBUG   ] | step                |: | Angle diff after obs loop :340.010 deg
2022-05-02 19:28:11,847 | MainThread   | [DEBUG   ] | _create_generator   |: | Executing Observation Loop at 120.000 deg/s
2022-05-02 19:28:14,699 | MainThread   | [DEBUG   ] | step                |: | Angle diff after obs loop :341.979 deg
2022-05-02 19:28:18,369 | MainThread   | [DEBUG   ] | _create_generator   |: | Executing Observation Loop at 120.000 deg/s
2022-05-02 19:28:21,221 | MainThread   | [DEBUG   ] | step                |: | Angle diff after obs loop :341.979 deg
2022-05-02 19:28:23,841 | MainThread   | [DEBUG   ] | _create_generator   |: | Executing Observation Loop at 120.000 deg/s
2022-05-02 19:28:26,693 | MainThread   | [DEBUG   ] | step                |: | Angle diff after obs loop :341.979 deg
2022-05-02 19:28:29,296 | MainThread   | [DEBUG   ] | _create_generator   |: | Executing Observation Loop at 120.000 deg/s
2022-05-02 19:28:32,148 | MainThread   | [DEBUG   ] | step                |: | Angle diff after obs loop :341.979 deg
2022-05-02 19:28:35,952 | MainThread   | [DEBUG   ] | _create_generator   |: | Executing Observation Loop at 120.000 deg/s
2022-05-02 19:28:38,803 | MainThread   | [DEBUG   ] | step                |: | Angle diff after obs loop :341.979 deg
2022-05-02 19:28:42,424 | MainThread   | [DEBUG   ] | _create_generator   |: | Executing Observation Loop at 120.000 deg/s
2022-05-02 19:28:45,276 | MainThread   | [DEBUG   ] | step                |: | Angle diff after obs loop :341.979 deg
2022-05-02 19:30:47,221 | MainThread   | [DEBUG   ] | signal_handler      |: Received SIGTERM
2022-05-02 19:30:47,223 | MainThread   | [DEBUG   ] | run                 |: Exiting gracefully
2022-05-02 20:27:13,838 | MainThread   | [DEBUG   ] | run                 |: Starting Flatland
2022-05-02 20:27:16,352 | MainThread   | [DEBUG   ] | __init__            |: | Observations per loop: 18
2022-05-02 20:27:37,943 | MainThread   | [DEBUG   ] | _create_generator   |: | Executing Observation Loop at 120.000 deg/s
2022-05-02 20:27:40,800 | MainThread   | [DEBUG   ] | step                |: | Angle diff after obs loop :342.000 deg
2022-05-02 20:28:01,011 | MainThread   | [DEBUG   ] | _create_generator   |: | Executing Observation Loop at 120.000 deg/s
2022-05-02 20:28:03,884 | MainThread   | [DEBUG   ] | step                |: | Angle diff after obs loop :342.000 deg
2022-05-02 20:29:23,934 | MainThread   | [DEBUG   ] | _create_generator   |: | Executing Observation Loop at 120.000 deg/s
2022-05-02 20:29:26,739 | MainThread   | [DEBUG   ] | step                |: | Angle diff after obs loop :342.000 deg
2022-05-02 20:29:37,714 | MainThread   | [DEBUG   ] | _create_generator   |: | Executing Observation Loop at 120.000 deg/s
2022-05-02 20:29:40,518 | MainThread   | [DEBUG   ] | step                |: | Angle diff after obs loop :342.000 deg
2022-05-02 20:29:43,238 | MainThread   | [DEBUG   ] | _create_generator   |: | Executing Observation Loop at 120.000 deg/s
2022-05-02 20:29:46,057 | MainThread   | [DEBUG   ] | step                |: | Angle diff after obs loop :341.998 deg
2022-05-02 20:29:47,729 | MainThread   | [DEBUG   ] | _create_generator   |: | Executing Observation Loop at 120.000 deg/s
2022-05-02 20:29:50,613 | MainThread   | [DEBUG   ] | step                |: | Angle diff after obs loop :341.998 deg
2022-05-02 20:29:52,372 | MainThread   | [DEBUG   ] | _create_generator   |: | Executing Observation Loop at 120.000 deg/s
2022-05-02 20:29:55,178 | MainThread   | [DEBUG   ] | step                |: | Angle diff after obs loop :341.998 deg
2022-05-02 20:29:58,868 | MainThread   | [DEBUG   ] | _create_generator   |: | Executing Observation Loop at 120.000 deg/s
2022-05-02 20:30:01,675 | MainThread   | [DEBUG   ] | step                |: | Angle diff after obs loop :341.998 deg
2022-05-02 20:30:08,353 | MainThread   | [DEBUG   ] | _create_generator   |: | Executing Observation Loop at 120.000 deg/s
2022-05-02 20:30:11,147 | MainThread   | [DEBUG   ] | step                |: | Angle diff after obs loop :340.017 deg
2022-05-02 20:30:13,851 | MainThread   | [DEBUG   ] | _create_generator   |: | Executing Observation Loop at 120.000 deg/s
2022-05-02 20:30:16,649 | MainThread   | [DEBUG   ] | step                |: | Angle diff after obs loop :340.017 deg
2022-05-02 20:30:19,377 | MainThread   | [DEBUG   ] | _create_generator   |: | Executing Observation Loop at 120.000 deg/s
2022-05-02 20:30:22,167 | MainThread   | [DEBUG   ] | step                |: | Angle diff after obs loop :340.017 deg
2022-05-02 20:30:25,852 | MainThread   | [DEBUG   ] | _create_generator   |: | Executing Observation Loop at 120.000 deg/s
2022-05-02 20:30:29,634 | MainThread   | [DEBUG   ] | step                |: | Angle diff after obs loop :340.017 deg
2022-05-02 20:30:33,558 | MainThread   | [DEBUG   ] | _create_generator   |: | Executing Observation Loop at 120.000 deg/s
2022-05-02 20:30:36,337 | MainThread   | [DEBUG   ] | step                |: | Angle diff after obs loop :340.010 deg
2022-05-02 20:30:39,387 | MainThread   | [DEBUG   ] | _create_generator   |: | Executing Observation Loop at 120.000 deg/s
2022-05-02 20:30:42,190 | MainThread   | [DEBUG   ] | step                |: | Angle diff after obs loop :341.979 deg
2022-05-02 20:30:46,080 | MainThread   | [DEBUG   ] | _create_generator   |: | Executing Observation Loop at 120.000 deg/s
2022-05-02 20:30:49,874 | MainThread   | [DEBUG   ] | step                |: | Angle diff after obs loop :341.979 deg
2022-05-02 20:30:52,661 | MainThread   | [DEBUG   ] | _create_generator   |: | Executing Observation Loop at 120.000 deg/s
2022-05-02 20:30:55,468 | MainThread   | [DEBUG   ] | step                |: | Angle diff after obs loop :341.979 deg
2022-05-02 20:30:58,278 | MainThread   | [DEBUG   ] | _create_generator   |: | Executing Observation Loop at 120.000 deg/s
2022-05-02 20:31:01,078 | MainThread   | [DEBUG   ] | step                |: | Angle diff after obs loop :341.979 deg
2022-05-02 20:31:04,955 | MainThread   | [DEBUG   ] | _create_generator   |: | Executing Observation Loop at 120.000 deg/s
2022-05-02 20:31:07,749 | MainThread   | [DEBUG   ] | step                |: | Angle diff after obs loop :341.979 deg
2022-05-02 20:31:11,608 | MainThread   | [DEBUG   ] | _create_generator   |: | Executing Observation Loop at 120.000 deg/s
2022-05-02 20:31:14,433 | MainThread   | [DEBUG   ] | step                |: | Angle diff after obs loop :341.979 deg
2022-05-02 20:31:24,584 | MainThread   | [DEBUG   ] | signal_handler      |: Received SIGTERM
2022-05-02 20:31:24,584 | MainThread   | [DEBUG   ] | run                 |: Exiting gracefully
2022-05-02 21:15:17,049 | MainThread   | [DEBUG   ] | run                 |: Starting Flatland
2022-05-02 21:15:19,072 | MainThread   | [DEBUG   ] | __init__            |: | Observations per loop: 18
2022-05-02 21:53:42,768 | MainThread   | [DEBUG   ] | signal_handler      |: Received SIGTERM
2022-05-02 21:53:42,773 | MainThread   | [DEBUG   ] | run                 |: Exiting gracefully
2022-05-02 21:53:42,883 | MainThread   | [DEBUG   ] | signal_handler      |: Received SIGTERM
2022-05-02 21:53:54,330 | MainThread   | [DEBUG   ] | run                 |: Starting Flatland
2022-05-02 21:53:55,972 | MainThread   | [DEBUG   ] | __init__            |: | Observations per loop: 18
2022-05-02 22:03:31,625 | MainThread   | [DEBUG   ] | signal_handler      |: Received SIGTERM
2022-05-02 22:03:31,626 | MainThread   | [DEBUG   ] | run                 |: Exiting gracefully
2022-05-03 14:50:24,869 | MainThread   | [DEBUG   ] | run                 |: Starting Flatland
2022-05-03 14:50:26,389 | MainThread   | [DEBUG   ] | __init__            |: | Observations per loop: 18
2022-05-03 15:35:00,075 | MainThread   | [DEBUG   ] | signal_handler      |: Received SIGTERM
2022-05-03 15:35:00,076 | MainThread   | [DEBUG   ] | run                 |: Exiting gracefully
2022-05-03 16:11:27,486 | MainThread   | [DEBUG   ] | run                 |: Starting Flatland
2022-05-03 16:11:28,892 | MainThread   | [DEBUG   ] | __init__            |: | Observations per loop: 18
2022-05-03 16:11:48,892 | MainThread   | [DEBUG   ] | _create_generator   |: | Executing Observation Loop at 120.000 deg/s
2022-05-03 16:11:51,770 | MainThread   | [DEBUG   ] | step                |: | Angle diff after obs loop :342.000 deg
2022-05-03 16:11:58,822 | MainThread   | [DEBUG   ] | _create_generator   |: | Executing Observation Loop at 120.000 deg/s
2022-05-03 16:12:01,639 | MainThread   | [DEBUG   ] | step                |: | Angle diff after obs loop :342.000 deg
2022-05-03 16:12:03,892 | MainThread   | [DEBUG   ] | _create_generator   |: | Executing Observation Loop at 120.000 deg/s
2022-05-03 16:12:06,693 | MainThread   | [DEBUG   ] | step                |: | Angle diff after obs loop :341.998 deg
2022-05-03 16:12:07,960 | MainThread   | [DEBUG   ] | _create_generator   |: | Executing Observation Loop at 120.000 deg/s
2022-05-03 16:12:10,776 | MainThread   | [DEBUG   ] | step                |: | Angle diff after obs loop :341.998 deg
2022-05-03 16:12:12,088 | MainThread   | [DEBUG   ] | _create_generator   |: | Executing Observation Loop at 120.000 deg/s
2022-05-03 16:12:14,876 | MainThread   | [DEBUG   ] | step                |: | Angle diff after obs loop :341.998 deg
2022-05-03 16:12:18,139 | MainThread   | [DEBUG   ] | _create_generator   |: | Executing Observation Loop at 120.000 deg/s
2022-05-03 16:12:20,943 | MainThread   | [DEBUG   ] | step                |: | Angle diff after obs loop :341.998 deg
2022-05-03 16:12:27,198 | MainThread   | [DEBUG   ] | _create_generator   |: | Executing Observation Loop at 120.000 deg/s
2022-05-03 16:12:29,979 | MainThread   | [DEBUG   ] | step                |: | Angle diff after obs loop :340.017 deg
2022-05-03 16:12:32,273 | MainThread   | [DEBUG   ] | _create_generator   |: | Executing Observation Loop at 120.000 deg/s
2022-05-03 16:12:35,076 | MainThread   | [DEBUG   ] | step                |: | Angle diff after obs loop :340.017 deg
2022-05-03 16:12:37,376 | MainThread   | [DEBUG   ] | _create_generator   |: | Executing Observation Loop at 120.000 deg/s
2022-05-03 16:12:40,167 | MainThread   | [DEBUG   ] | step                |: | Angle diff after obs loop :340.017 deg
2022-05-03 16:12:43,495 | MainThread   | [DEBUG   ] | _create_generator   |: | Executing Observation Loop at 120.000 deg/s
2022-05-03 16:12:46,287 | MainThread   | [DEBUG   ] | step                |: | Angle diff after obs loop :340.017 deg
2022-05-03 16:12:49,646 | MainThread   | [DEBUG   ] | _create_generator   |: | Executing Observation Loop at 120.000 deg/s
2022-05-03 16:12:52,451 | MainThread   | [DEBUG   ] | step                |: | Angle diff after obs loop :340.010 deg
2022-05-03 16:12:54,806 | MainThread   | [DEBUG   ] | _create_generator   |: | Executing Observation Loop at 120.000 deg/s
2022-05-03 16:12:57,607 | MainThread   | [DEBUG   ] | step                |: | Angle diff after obs loop :341.979 deg
2022-05-03 16:13:02,025 | MainThread   | [DEBUG   ] | _create_generator   |: | Executing Observation Loop at 120.000 deg/s
2022-05-03 16:13:04,830 | MainThread   | [DEBUG   ] | step                |: | Angle diff after obs loop :341.979 deg
2022-05-03 16:13:07,089 | MainThread   | [DEBUG   ] | _create_generator   |: | Executing Observation Loop at 120.000 deg/s
2022-05-03 16:13:09,891 | MainThread   | [DEBUG   ] | step                |: | Angle diff after obs loop :341.979 deg
2022-05-03 16:13:12,207 | MainThread   | [DEBUG   ] | _create_generator   |: | Executing Observation Loop at 120.000 deg/s
2022-05-03 16:13:15,019 | MainThread   | [DEBUG   ] | step                |: | Angle diff after obs loop :341.979 deg
2022-05-03 16:13:18,316 | MainThread   | [DEBUG   ] | _create_generator   |: | Executing Observation Loop at 120.000 deg/s
2022-05-03 16:13:21,129 | MainThread   | [DEBUG   ] | step                |: | Angle diff after obs loop :341.979 deg
2022-05-03 16:13:24,506 | MainThread   | [DEBUG   ] | _create_generator   |: | Executing Observation Loop at 120.000 deg/s
2022-05-03 16:13:27,322 | MainThread   | [DEBUG   ] | step                |: | Angle diff after obs loop :341.979 deg
2022-05-03 16:25:41,736 | MainThread   | [DEBUG   ] | run                 |: Exiting gracefully
2022-05-17 17:17:30,232 | MainThread   | [DEBUG   ] | run                 |: Starting Flatland
2022-05-17 17:17:32,002 | MainThread   | [DEBUG   ] | __init__            |: | Observations per loop: 18
2022-05-17 17:18:19,793 | MainThread   | [DEBUG   ] | signal_handler      |: Received SIGTERM
2022-05-17 17:18:19,793 | MainThread   | [DEBUG   ] | run                 |: Exiting gracefully
2022-05-17 17:18:19,913 | MainThread   | [DEBUG   ] | signal_handler      |: Received SIGTERM
2022-05-17 17:20:09,480 | MainThread   | [DEBUG   ] | run                 |: Starting Flatland
2022-05-17 17:20:10,767 | MainThread   | [DEBUG   ] | __init__            |: | Observations per loop: 18
2022-05-17 17:20:49,997 | MainThread   | [DEBUG   ] | signal_handler      |: Received SIGTERM
2022-05-17 17:20:49,999 | MainThread   | [DEBUG   ] | run                 |: Exiting gracefully
2022-05-17 17:20:50,117 | MainThread   | [DEBUG   ] | signal_handler      |: Received SIGTERM
2022-05-17 17:22:21,642 | MainThread   | [DEBUG   ] | run                 |: Starting Flatland
2022-05-17 17:22:23,351 | MainThread   | [DEBUG   ] | __init__            |: | Observations per loop: 18
2022-05-17 17:23:29,556 | MainThread   | [DEBUG   ] | signal_handler      |: Received SIGTERM
2022-05-17 17:23:29,557 | MainThread   | [DEBUG   ] | run                 |: Exiting gracefully
2022-05-17 17:23:29,673 | MainThread   | [DEBUG   ] | signal_handler      |: Received SIGTERM
2022-05-17 17:24:28,177 | MainThread   | [DEBUG   ] | run                 |: Starting Flatland
2022-05-17 17:24:29,472 | MainThread   | [DEBUG   ] | __init__            |: | Observations per loop: 18
2022-05-17 17:31:27,960 | MainThread   | [DEBUG   ] | signal_handler      |: Received SIGTERM
2022-05-17 17:31:27,961 | MainThread   | [DEBUG   ] | run                 |: Exiting gracefully
2022-05-17 17:31:28,085 | MainThread   | [DEBUG   ] | signal_handler      |: Received SIGTERM
2022-05-17 17:31:34,241 | MainThread   | [DEBUG   ] | run                 |: Starting Flatland
2022-05-17 17:31:35,412 | MainThread   | [DEBUG   ] | __init__            |: | Observations per loop: 18
2022-05-17 17:43:16,753 | MainThread   | [DEBUG   ] | signal_handler      |: Received SIGTERM
2022-05-17 17:43:16,756 | MainThread   | [DEBUG   ] | run                 |: Exiting gracefully
2022-05-17 17:43:16,877 | MainThread   | [DEBUG   ] | signal_handler      |: Received SIGTERM
2022-05-18 14:21:35,823 | MainThread   | [DEBUG   ] | run                 |: Starting Flatland
2022-05-18 14:21:38,547 | MainThread   | [DEBUG   ] | __init__            |: | Observations per loop: 18
2022-05-18 14:23:22,087 | MainThread   | [DEBUG   ] | run                 |: Exiting gracefully
2022-05-18 14:24:36,296 | MainThread   | [DEBUG   ] | run                 |: Starting Flatland
2022-05-18 14:24:37,500 | MainThread   | [DEBUG   ] | __init__            |: | Observations per loop: 18
2022-05-18 14:26:31,581 | MainThread   | [DEBUG   ] | signal_handler      |: Received SIGTERM
2022-05-18 14:26:31,599 | MainThread   | [DEBUG   ] | run                 |: Exiting gracefully
2022-05-18 14:26:31,714 | MainThread   | [DEBUG   ] | signal_handler      |: Received SIGTERM
2022-05-18 14:27:49,125 | MainThread   | [DEBUG   ] | run                 |: Starting Flatland
2022-05-18 14:27:50,397 | MainThread   | [DEBUG   ] | __init__            |: | Observations per loop: 18
2022-05-18 14:28:28,565 | MainThread   | [DEBUG   ] | signal_handler      |: Received SIGTERM
2022-05-18 14:28:28,565 | MainThread   | [DEBUG   ] | run                 |: Exiting gracefully
2022-05-18 14:28:28,680 | MainThread   | [DEBUG   ] | signal_handler      |: Received SIGTERM
2022-05-18 14:30:16,988 | MainThread   | [DEBUG   ] | run                 |: Starting Flatland
2022-05-18 14:30:18,434 | MainThread   | [DEBUG   ] | __init__            |: | Observations per loop: 18
2022-05-18 14:30:28,657 | MainThread   | [DEBUG   ] | _create_generator   |: | Executing Observation Loop at 120.000 deg/s
2022-05-18 14:30:31,454 | MainThread   | [DEBUG   ] | step                |: | Angle diff after obs loop :342.000 deg
2022-05-18 14:30:37,471 | MainThread   | [DEBUG   ] | _create_generator   |: | Executing Observation Loop at 120.000 deg/s
2022-05-18 14:30:40,333 | MainThread   | [DEBUG   ] | step                |: | Angle diff after obs loop :342.000 deg
2022-05-18 14:30:42,816 | MainThread   | [DEBUG   ] | _create_generator   |: | Executing Observation Loop at 120.000 deg/s
2022-05-18 14:30:45,665 | MainThread   | [DEBUG   ] | step                |: | Angle diff after obs loop :341.998 deg
2022-05-18 14:31:00,223 | MainThread   | [DEBUG   ] | signal_handler      |: Received SIGTERM
2022-05-18 14:31:00,223 | MainThread   | [DEBUG   ] | run                 |: Exiting gracefully
2022-05-18 14:31:00,336 | MainThread   | [DEBUG   ] | signal_handler      |: Received SIGTERM
