2022-03-30 16:43:15,354 | MainThread   | [WARNING ] | exit_handler        |: Could not disconnect before exiting
2022-03-30 16:43:15,360 | MainThread   | [WARNING ] | exit_handler        |: Not connected to a BLE device
2022-03-30 16:43:19,325 | MainThread   | [DEBUG   ] | __init__            |: Python Info: sys.version_info(major=3, minor=9, micro=9, releaselevel='final', serial=0)
2022-03-30 16:43:19,325 | MainThread   | [DEBUG   ] | __init__            |: System Info: macOS-12.2-x86_64-i386-64bit
2022-03-30 16:43:26,131 | MainThread   | [INFO    ] | _connect            |: Looking for Artemis Nano Peripheral Device: C0:83:A5:6D:02:3C
2022-03-30 16:43:39,207 | MainThread   | [INFO    ] | _connect            |: Looking for Artemis Nano Peripheral Device: C0:83:A5:6D:02:3C
2022-04-01 16:04:32,887 | MainThread   | [INFO    ] | exit_handler        |: Exiting...
2022-04-01 16:04:32,940 | MainThread   | [WARNING ] | exit_handler        |: Could not disconnect before exiting
2022-04-01 16:04:32,942 | MainThread   | [WARNING ] | exit_handler        |: Not connected to a BLE device
2022-04-13 15:26:23,863 | MainThread   | [DEBUG   ] | __init__            |: Python Info: sys.version_info(major=3, minor=9, micro=9, releaselevel='final', serial=0)
2022-04-13 15:26:23,864 | MainThread   | [DEBUG   ] | __init__            |: System Info: macOS-12.2-x86_64-i386-64bit
2022-04-13 15:26:24,542 | MainThread   | [INFO    ] | _connect            |: Looking for Artemis Nano Peripheral Device: C0:83:A5:6D:02:3C
2022-04-13 15:26:41,940 | MainThread   | [INFO    ] | _connect            |: Looking for Artemis Nano Peripheral Device: C0:83:A5:6D:02:3C
2022-04-13 15:26:58,000 | MainThread   | [INFO    ] | exit_handler        |: Exiting...
2022-04-13 15:26:58,003 | MainThread   | [WARNING ] | exit_handler        |: Could not disconnect before exiting
2022-04-13 15:26:58,005 | MainThread   | [WARNING ] | exit_handler        |: Not connected to a BLE device
2022-04-13 15:27:02,457 | MainThread   | [DEBUG   ] | __init__            |: Python Info: sys.version_info(major=3, minor=9, micro=9, releaselevel='final', serial=0)
2022-04-13 15:27:02,457 | MainThread   | [DEBUG   ] | __init__            |: System Info: macOS-12.2-x86_64-i386-64bit
2022-04-13 15:27:03,053 | MainThread   | [INFO    ] | _connect            |: Looking for Artemis Nano Peripheral Device: C0:83:A5:6D:02:3C
2022-04-13 16:14:27,456 | MainThread   | [INFO    ] | exit_handler        |: Exiting...
2022-04-13 16:14:27,459 | MainThread   | [WARNING ] | exit_handler        |: Could not disconnect before exiting
2022-04-13 16:14:27,460 | MainThread   | [WARNING ] | exit_handler        |: Not connected to a BLE device
2022-04-13 16:14:31,794 | MainThread   | [DEBUG   ] | __init__            |: Python Info: sys.version_info(major=3, minor=9, micro=9, releaselevel='final', serial=0)
2022-04-13 16:14:31,794 | MainThread   | [DEBUG   ] | __init__            |: System Info: macOS-12.2-x86_64-i386-64bit
2022-04-13 16:14:32,325 | MainThread   | [INFO    ] | _connect            |: Looking for Artemis Nano Peripheral Device: C0:83:A5:6D:02:3C
2022-04-13 16:14:38,028 | MainThread   | [INFO    ] | _connect            |: Connected to C0:83:A5:6D:02:3C
2022-04-13 16:18:15,248 | MainThread   | [INFO    ] | disconnect_handler  |: Disconnected from B45C71B2-3BCA-639D-7AF3-3C14C2003C3E
2022-04-13 16:18:20,935 | MainThread   | [INFO    ] | _connect            |: Looking for Artemis Nano Peripheral Device: C0:83:A5:6D:02:3C
2022-04-13 16:18:27,570 | MainThread   | [INFO    ] | _connect            |: Connected to C0:83:A5:6D:02:3C
2022-04-13 16:20:54,703 | MainThread   | [INFO    ] | _connect            |: Already connected to a BLE device
2022-04-13 16:21:39,369 | MainThread   | [INFO    ] | disconnect_handler  |: Disconnected from B45C71B2-3BCA-639D-7AF3-3C14C2003C3E
2022-04-13 16:21:53,340 | MainThread   | [INFO    ] | _connect            |: Looking for Artemis Nano Peripheral Device: C0:83:A5:6D:02:3C
2022-04-13 16:21:58,201 | MainThread   | [INFO    ] | _connect            |: Connected to C0:83:A5:6D:02:3C
2022-04-13 16:22:08,761 | MainThread   | [INFO    ] | <module>            |: IMU Reading: 0.989,0.166,0.65,0.0,0.2,0.4,0.424,0.402,0.307,0.29
2022-04-13 16:22:09,495 | MainThread   | [INFO    ] | <module>            |: IMU Reading: -2.0,0.927,0.463,0.7,0.3,0.42,0.458,0.404,0.287,0.29
2022-04-13 16:23:51,469 | MainThread   | [INFO    ] | disconnect_handler  |: Disconnected from B45C71B2-3BCA-639D-7AF3-3C14C2003C3E
2022-04-13 16:24:50,680 | MainThread   | [INFO    ] | _connect            |: Looking for Artemis Nano Peripheral Device: C0:83:A5:6D:02:3C
2022-04-13 16:24:54,389 | MainThread   | [INFO    ] | _connect            |: Connected to C0:83:A5:6D:02:3C
2022-04-13 16:25:16,306 | MainThread   | [INFO    ] | disconnect_handler  |: Disconnected from B45C71B2-3BCA-639D-7AF3-3C14C2003C3E
2022-04-13 16:28:51,145 | MainThread   | [INFO    ] | _connect            |: Looking for Artemis Nano Peripheral Device: C0:83:A5:6D:02:3C
2022-04-13 16:28:56,489 | MainThread   | [INFO    ] | _connect            |: Connected to C0:83:A5:6D:02:3C
2022-04-13 16:29:09,421 | MainThread   | [INFO    ] | disconnect_handler  |: Disconnected from B45C71B2-3BCA-639D-7AF3-3C14C2003C3E
2022-04-13 16:29:31,327 | MainThread   | [INFO    ] | _connect            |: Looking for Artemis Nano Peripheral Device: C0:83:A5:6D:02:3C
2022-04-13 16:29:35,779 | MainThread   | [INFO    ] | _connect            |: Connected to C0:83:A5:6D:02:3C
2022-04-13 16:29:52,341 | MainThread   | [INFO    ] | disconnect_handler  |: Disconnected from B45C71B2-3BCA-639D-7AF3-3C14C2003C3E
2022-04-13 16:29:58,328 | MainThread   | [INFO    ] | _connect            |: Looking for Artemis Nano Peripheral Device: C0:83:A5:6D:02:3C
2022-04-13 16:30:02,569 | MainThread   | [INFO    ] | _connect            |: Connected to C0:83:A5:6D:02:3C
2022-04-13 16:31:48,508 | MainThread   | [INFO    ] | disconnect_handler  |: Disconnected from B45C71B2-3BCA-639D-7AF3-3C14C2003C3E
2022-04-13 16:32:30,778 | MainThread   | [INFO    ] | _connect            |: Looking for Artemis Nano Peripheral Device: C0:83:A5:6D:02:3C
2022-04-13 16:32:35,231 | MainThread   | [INFO    ] | _connect            |: Connected to C0:83:A5:6D:02:3C
2022-04-13 16:35:59,387 | MainThread   | [INFO    ] | disconnect_handler  |: Disconnected from B45C71B2-3BCA-639D-7AF3-3C14C2003C3E
2022-04-13 16:45:11,685 | MainThread   | [INFO    ] | _connect            |: Looking for Artemis Nano Peripheral Device: C0:83:A5:6D:02:3C
2022-04-13 16:45:15,463 | MainThread   | [INFO    ] | _connect            |: Connected to C0:83:A5:6D:02:3C
2022-04-13 16:47:33,677 | MainThread   | [INFO    ] | disconnect_handler  |: Disconnected from 52193D96-8201-1734-7C37-789D2C19BBD9
2022-04-13 16:48:34,687 | MainThread   | [INFO    ] | _connect            |: Looking for Artemis Nano Peripheral Device: C0:83:A5:6D:02:3C
2022-04-13 16:48:39,520 | MainThread   | [INFO    ] | _connect            |: Connected to C0:83:A5:6D:02:3C
2022-04-13 16:50:15,341 | MainThread   | [INFO    ] | disconnect_handler  |: Disconnected from 52193D96-8201-1734-7C37-789D2C19BBD9
2022-04-13 16:50:42,519 | MainThread   | [INFO    ] | _connect            |: Looking for Artemis Nano Peripheral Device: C0:83:A5:6D:02:3C
2022-04-13 16:50:46,273 | MainThread   | [INFO    ] | _connect            |: Connected to C0:83:A5:6D:02:3C
2022-04-13 16:51:28,950 | MainThread   | [INFO    ] | disconnect_handler  |: Disconnected from 52193D96-8201-1734-7C37-789D2C19BBD9
2022-04-13 17:03:05,538 | MainThread   | [INFO    ] | _connect            |: Looking for Artemis Nano Peripheral Device: C0:83:A5:6D:02:3C
2022-04-13 17:04:05,708 | MainThread   | [INFO    ] | _connect            |: Looking for Artemis Nano Peripheral Device: C0:83:A5:6D:02:3C
2022-04-13 17:04:09,466 | MainThread   | [INFO    ] | _connect            |: Connected to C0:83:A5:6D:02:3C
2022-04-13 17:04:49,518 | MainThread   | [INFO    ] | disconnect_handler  |: Disconnected from B45C71B2-3BCA-639D-7AF3-3C14C2003C3E
2022-04-13 17:04:54,453 | MainThread   | [INFO    ] | _connect            |: Looking for Artemis Nano Peripheral Device: C0:83:A5:6D:02:3C
2022-04-13 17:04:58,441 | MainThread   | [INFO    ] | _connect            |: Connected to C0:83:A5:6D:02:3C
2022-04-13 17:06:16,872 | MainThread   | [INFO    ] | disconnect_handler  |: Disconnected from B45C71B2-3BCA-639D-7AF3-3C14C2003C3E
2022-04-13 17:06:53,448 | MainThread   | [INFO    ] | _connect            |: Looking for Artemis Nano Peripheral Device: C0:83:A5:6D:02:3C
2022-04-13 17:06:57,391 | MainThread   | [INFO    ] | _connect            |: Connected to C0:83:A5:6D:02:3C
2022-04-13 17:08:05,762 | MainThread   | [INFO    ] | disconnect_handler  |: Disconnected from B45C71B2-3BCA-639D-7AF3-3C14C2003C3E
2022-04-13 17:08:41,564 | MainThread   | [INFO    ] | _connect            |: Looking for Artemis Nano Peripheral Device: C0:83:A5:6D:02:3C
2022-04-13 17:08:45,183 | MainThread   | [INFO    ] | _connect            |: Connected to C0:83:A5:6D:02:3C
2022-04-13 17:09:18,456 | MainThread   | [INFO    ] | disconnect_handler  |: Disconnected from B45C71B2-3BCA-639D-7AF3-3C14C2003C3E
2022-04-13 17:09:40,046 | MainThread   | [INFO    ] | _connect            |: Looking for Artemis Nano Peripheral Device: C0:83:A5:6D:02:3C
2022-04-13 17:09:45,372 | MainThread   | [INFO    ] | _connect            |: Connected to C0:83:A5:6D:02:3C
2022-04-13 17:11:34,740 | MainThread   | [INFO    ] | disconnect_handler  |: Disconnected from B45C71B2-3BCA-639D-7AF3-3C14C2003C3E
2022-04-14 12:07:50,719 | MainThread   | [INFO    ] | exit_handler        |: Exiting...
2022-04-14 12:07:50,740 | MainThread   | [WARNING ] | exit_handler        |: Could not disconnect before exiting
2022-04-14 12:07:50,746 | MainThread   | [WARNING ] | exit_handler        |: Not connected to a BLE device
2022-04-14 15:14:04,559 | MainThread   | [DEBUG   ] | __init__            |: Python Info: sys.version_info(major=3, minor=9, micro=12, releaselevel='final', serial=0)
2022-04-14 15:14:04,562 | MainThread   | [DEBUG   ] | __init__            |: System Info: macOS-12.2-x86_64-i386-64bit
2022-04-14 15:14:05,394 | MainThread   | [INFO    ] | _connect            |: Looking for Artemis Nano Peripheral Device: C0:83:A5:6D:02:3C
2022-04-14 15:14:09,819 | MainThread   | [INFO    ] | _connect            |: Connected to C0:83:A5:6D:02:3C
2022-04-14 15:17:58,387 | MainThread   | [INFO    ] | disconnect_handler  |: Disconnected from B45C71B2-3BCA-639D-7AF3-3C14C2003C3E
2022-04-14 15:18:24,521 | MainThread   | [INFO    ] | _connect            |: Looking for Artemis Nano Peripheral Device: C0:83:A5:6D:02:3C
2022-04-14 15:18:28,665 | MainThread   | [INFO    ] | _connect            |: Connected to C0:83:A5:6D:02:3C
2022-04-14 15:19:13,442 | MainThread   | [INFO    ] | disconnect_handler  |: Disconnected from B45C71B2-3BCA-639D-7AF3-3C14C2003C3E
2022-04-14 15:19:50,563 | MainThread   | [INFO    ] | _connect            |: Looking for Artemis Nano Peripheral Device: C0:83:A5:6D:02:3C
2022-04-14 15:19:55,193 | MainThread   | [INFO    ] | _connect            |: Connected to C0:83:A5:6D:02:3C
2022-04-14 15:21:11,071 | MainThread   | [INFO    ] | disconnect_handler  |: Disconnected from B45C71B2-3BCA-639D-7AF3-3C14C2003C3E
2022-04-14 15:21:16,499 | MainThread   | [INFO    ] | _connect            |: Looking for Artemis Nano Peripheral Device: C0:83:A5:6D:02:3C
2022-04-14 15:21:38,279 | MainThread   | [INFO    ] | _connect            |: Looking for Artemis Nano Peripheral Device: C0:83:A5:6D:02:3C
2022-04-14 15:21:41,935 | MainThread   | [INFO    ] | _connect            |: Connected to C0:83:A5:6D:02:3C
2022-04-14 15:23:42,604 | MainThread   | [INFO    ] | disconnect_handler  |: Disconnected from B45C71B2-3BCA-639D-7AF3-3C14C2003C3E
2022-04-14 15:24:48,846 | MainThread   | [INFO    ] | _connect            |: Looking for Artemis Nano Peripheral Device: C0:83:A5:6D:02:3C
2022-04-14 15:24:53,616 | MainThread   | [INFO    ] | _connect            |: Connected to C0:83:A5:6D:02:3C
2022-04-14 15:26:00,314 | MainThread   | [INFO    ] | disconnect_handler  |: Disconnected from B45C71B2-3BCA-639D-7AF3-3C14C2003C3E
2022-04-14 15:26:56,786 | MainThread   | [INFO    ] | _connect            |: Looking for Artemis Nano Peripheral Device: C0:83:A5:6D:02:3C
2022-04-14 15:27:00,524 | MainThread   | [INFO    ] | _connect            |: Connected to C0:83:A5:6D:02:3C
2022-04-14 15:27:32,250 | MainThread   | [INFO    ] | disconnect_handler  |: Disconnected from B45C71B2-3BCA-639D-7AF3-3C14C2003C3E
2022-04-14 15:30:48,982 | MainThread   | [INFO    ] | _connect            |: Looking for Artemis Nano Peripheral Device: C0:83:A5:6D:02:3C
2022-04-14 15:30:53,342 | MainThread   | [INFO    ] | _connect            |: Connected to C0:83:A5:6D:02:3C
2022-04-14 15:33:18,072 | MainThread   | [INFO    ] | disconnect_handler  |: Disconnected from B45C71B2-3BCA-639D-7AF3-3C14C2003C3E
2022-04-14 15:33:23,579 | MainThread   | [INFO    ] | _connect            |: Looking for Artemis Nano Peripheral Device: C0:83:A5:6D:02:3C
2022-04-14 15:33:27,620 | MainThread   | [INFO    ] | _connect            |: Connected to C0:83:A5:6D:02:3C
2022-04-14 15:35:52,440 | MainThread   | [INFO    ] | disconnect_handler  |: Disconnected from B45C71B2-3BCA-639D-7AF3-3C14C2003C3E
2022-04-14 15:41:34,615 | MainThread   | [INFO    ] | _connect            |: Looking for Artemis Nano Peripheral Device: C0:83:A5:6D:02:3C
2022-04-14 15:41:39,288 | MainThread   | [INFO    ] | _connect            |: Connected to C0:83:A5:6D:02:3C
2022-04-14 15:59:42,441 | MainThread   | [INFO    ] | disconnect_handler  |: Disconnected from B45C71B2-3BCA-639D-7AF3-3C14C2003C3E
2022-04-14 16:20:16,090 | MainThread   | [INFO    ] | exit_handler        |: Exiting...
2022-04-14 16:20:16,097 | MainThread   | [WARNING ] | exit_handler        |: Could not disconnect before exiting
2022-04-14 16:20:16,102 | MainThread   | [WARNING ] | exit_handler        |: Not connected to a BLE device
2022-04-14 16:20:21,382 | MainThread   | [DEBUG   ] | __init__            |: Python Info: sys.version_info(major=3, minor=9, micro=12, releaselevel='final', serial=0)
2022-04-14 16:20:21,382 | MainThread   | [DEBUG   ] | __init__            |: System Info: macOS-12.2-x86_64-i386-64bit
2022-04-14 16:20:58,765 | MainThread   | [INFO    ] | _connect            |: Looking for Artemis Nano Peripheral Device: C0:83:A5:6D:02:3C
2022-04-14 16:21:03,475 | MainThread   | [INFO    ] | _connect            |: Connected to C0:83:A5:6D:02:3C
2022-04-14 16:21:50,502 | MainThread   | [INFO    ] | disconnect_handler  |: Disconnected from B45C71B2-3BCA-639D-7AF3-3C14C2003C3E
2022-04-14 16:22:04,183 | MainThread   | [INFO    ] | _connect            |: Looking for Artemis Nano Peripheral Device: C0:83:A5:6D:02:3C
2022-04-14 16:22:08,287 | MainThread   | [INFO    ] | _connect            |: Connected to C0:83:A5:6D:02:3C
2022-04-14 16:22:47,564 | MainThread   | [INFO    ] | disconnect_handler  |: Disconnected from B45C71B2-3BCA-639D-7AF3-3C14C2003C3E
2022-04-14 16:22:50,754 | MainThread   | [INFO    ] | _connect            |: Looking for Artemis Nano Peripheral Device: C0:83:A5:6D:02:3C
2022-04-14 16:22:54,733 | MainThread   | [INFO    ] | _connect            |: Connected to C0:83:A5:6D:02:3C
2022-04-14 16:23:42,289 | MainThread   | [INFO    ] | disconnect_handler  |: Disconnected from B45C71B2-3BCA-639D-7AF3-3C14C2003C3E
2022-04-14 16:23:54,181 | MainThread   | [INFO    ] | _connect            |: Looking for Artemis Nano Peripheral Device: C0:83:A5:6D:02:3C
2022-04-14 16:23:58,124 | MainThread   | [INFO    ] | _connect            |: Connected to C0:83:A5:6D:02:3C
2022-04-14 16:26:56,349 | MainThread   | [INFO    ] | disconnect_handler  |: Disconnected from B45C71B2-3BCA-639D-7AF3-3C14C2003C3E
2022-04-14 16:26:59,557 | MainThread   | [INFO    ] | _connect            |: Looking for Artemis Nano Peripheral Device: C0:83:A5:6D:02:3C
2022-04-14 16:27:03,445 | MainThread   | [INFO    ] | _connect            |: Connected to C0:83:A5:6D:02:3C
2022-04-14 16:43:39,932 | MainThread   | [INFO    ] | disconnect_handler  |: Disconnected from B45C71B2-3BCA-639D-7AF3-3C14C2003C3E
2022-04-14 16:43:41,122 | MainThread   | [INFO    ] | _connect            |: Looking for Artemis Nano Peripheral Device: C0:83:A5:6D:02:3C
2022-04-14 16:43:47,267 | MainThread   | [INFO    ] | _connect            |: Connected to C0:83:A5:6D:02:3C
2022-04-14 16:45:39,593 | MainThread   | [INFO    ] | disconnect_handler  |: Disconnected from B45C71B2-3BCA-639D-7AF3-3C14C2003C3E
2022-04-14 16:46:17,276 | MainThread   | [INFO    ] | _connect            |: Looking for Artemis Nano Peripheral Device: C0:83:A5:6D:02:3C
2022-04-14 16:46:21,787 | MainThread   | [INFO    ] | _connect            |: Connected to C0:83:A5:6D:02:3C
2022-04-14 16:49:26,127 | MainThread   | [INFO    ] | disconnect_handler  |: Disconnected from B45C71B2-3BCA-639D-7AF3-3C14C2003C3E
2022-04-14 16:50:06,601 | MainThread   | [INFO    ] | _connect            |: Looking for Artemis Nano Peripheral Device: C0:83:A5:6D:02:3C
2022-04-14 16:50:10,782 | MainThread   | [INFO    ] | _connect            |: Connected to C0:83:A5:6D:02:3C
2022-04-14 16:54:32,722 | MainThread   | [INFO    ] | disconnect_handler  |: Disconnected from B45C71B2-3BCA-639D-7AF3-3C14C2003C3E
2022-04-14 16:54:34,151 | MainThread   | [INFO    ] | _connect            |: Looking for Artemis Nano Peripheral Device: C0:83:A5:6D:02:3C
2022-04-14 16:54:40,346 | MainThread   | [INFO    ] | _connect            |: Connected to C0:83:A5:6D:02:3C
2022-04-14 17:04:48,742 | MainThread   | [INFO    ] | disconnect_handler  |: Disconnected from B45C71B2-3BCA-639D-7AF3-3C14C2003C3E
2022-04-14 17:09:44,140 | MainThread   | [INFO    ] | _connect            |: Looking for Artemis Nano Peripheral Device: C0:83:A5:6D:02:3C
2022-04-14 17:09:49,128 | MainThread   | [INFO    ] | _connect            |: Connected to C0:83:A5:6D:02:3C
2022-04-14 17:14:46,793 | MainThread   | [INFO    ] | disconnect_handler  |: Disconnected from B45C71B2-3BCA-639D-7AF3-3C14C2003C3E
2022-04-14 17:14:50,603 | MainThread   | [INFO    ] | exit_handler        |: Exiting...
2022-04-14 17:14:50,606 | MainThread   | [WARNING ] | exit_handler        |: Could not disconnect before exiting
2022-04-14 17:14:50,607 | MainThread   | [WARNING ] | exit_handler        |: Not connected to a BLE device
2022-04-14 17:14:55,061 | MainThread   | [DEBUG   ] | __init__            |: Python Info: sys.version_info(major=3, minor=9, micro=12, releaselevel='final', serial=0)
2022-04-14 17:14:55,061 | MainThread   | [DEBUG   ] | __init__            |: System Info: macOS-12.2-x86_64-i386-64bit
2022-04-14 17:14:55,961 | MainThread   | [INFO    ] | _connect            |: Looking for Artemis Nano Peripheral Device: C0:83:A5:6D:02:3C
2022-04-14 17:14:59,854 | MainThread   | [INFO    ] | _connect            |: Connected to C0:83:A5:6D:02:3C
2022-04-14 17:19:36,627 | MainThread   | [INFO    ] | disconnect_handler  |: Disconnected from B45C71B2-3BCA-639D-7AF3-3C14C2003C3E
2022-04-14 17:19:41,503 | MainThread   | [INFO    ] | _connect            |: Looking for Artemis Nano Peripheral Device: C0:83:A5:6D:02:3C
2022-04-14 17:19:46,788 | MainThread   | [INFO    ] | _connect            |: Connected to C0:83:A5:6D:02:3C
2022-04-14 17:20:32,259 | MainThread   | [INFO    ] | disconnect_handler  |: Disconnected from B45C71B2-3BCA-639D-7AF3-3C14C2003C3E
2022-04-14 17:22:55,826 | MainThread   | [INFO    ] | _connect            |: Looking for Artemis Nano Peripheral Device: C0:83:A5:6D:02:3C
2022-04-14 17:22:59,858 | MainThread   | [INFO    ] | _connect            |: Connected to C0:83:A5:6D:02:3C
2022-04-14 17:25:29,416 | MainThread   | [INFO    ] | disconnect_handler  |: Disconnected from B45C71B2-3BCA-639D-7AF3-3C14C2003C3E
2022-04-14 17:26:32,369 | MainThread   | [INFO    ] | _connect            |: Looking for Artemis Nano Peripheral Device: C0:83:A5:6D:02:3C
2022-04-14 17:26:36,415 | MainThread   | [INFO    ] | _connect            |: Connected to C0:83:A5:6D:02:3C
2022-04-14 17:30:32,719 | MainThread   | [INFO    ] | disconnect_handler  |: Disconnected from B45C71B2-3BCA-639D-7AF3-3C14C2003C3E
2022-04-14 17:30:35,608 | MainThread   | [INFO    ] | _connect            |: Looking for Artemis Nano Peripheral Device: C0:83:A5:6D:02:3C
2022-04-14 17:30:40,157 | MainThread   | [INFO    ] | _connect            |: Connected to C0:83:A5:6D:02:3C
2022-04-14 17:31:05,696 | MainThread   | [INFO    ] | disconnect_handler  |: Disconnected from B45C71B2-3BCA-639D-7AF3-3C14C2003C3E
2022-04-14 17:31:08,435 | MainThread   | [INFO    ] | _connect            |: Looking for Artemis Nano Peripheral Device: C0:83:A5:6D:02:3C
2022-04-14 17:31:15,785 | MainThread   | [INFO    ] | _connect            |: Connected to C0:83:A5:6D:02:3C
2022-04-14 17:32:13,918 | MainThread   | [INFO    ] | disconnect_handler  |: Disconnected from B45C71B2-3BCA-639D-7AF3-3C14C2003C3E
2022-04-14 17:32:18,099 | MainThread   | [INFO    ] | _connect            |: Looking for Artemis Nano Peripheral Device: C0:83:A5:6D:02:3C
2022-04-14 17:32:23,108 | MainThread   | [INFO    ] | _connect            |: Connected to C0:83:A5:6D:02:3C
2022-04-14 17:33:53,095 | MainThread   | [INFO    ] | disconnect_handler  |: Disconnected from B45C71B2-3BCA-639D-7AF3-3C14C2003C3E
2022-04-14 17:34:27,466 | MainThread   | [INFO    ] | _connect            |: Looking for Artemis Nano Peripheral Device: C0:83:A5:6D:02:3C
2022-04-14 17:34:32,065 | MainThread   | [INFO    ] | _connect            |: Connected to C0:83:A5:6D:02:3C
2022-04-14 17:34:59,366 | MainThread   | [INFO    ] | disconnect_handler  |: Disconnected from B45C71B2-3BCA-639D-7AF3-3C14C2003C3E
2022-04-14 17:35:12,089 | MainThread   | [INFO    ] | _connect            |: Looking for Artemis Nano Peripheral Device: C0:83:A5:6D:02:3C
2022-04-14 17:35:16,171 | MainThread   | [INFO    ] | _connect            |: Connected to C0:83:A5:6D:02:3C
2022-04-14 17:36:18,745 | MainThread   | [INFO    ] | _connect            |: Already connected to a BLE device
2022-04-14 17:36:27,828 | MainThread   | [INFO    ] | _connect            |: Already connected to a BLE device
2022-04-14 17:36:32,391 | MainThread   | [INFO    ] | _connect            |: Already connected to a BLE device
2022-04-14 17:36:41,433 | MainThread   | [INFO    ] | disconnect_handler  |: Disconnected from B45C71B2-3BCA-639D-7AF3-3C14C2003C3E
2022-04-14 17:36:51,094 | MainThread   | [INFO    ] | _connect            |: Looking for Artemis Nano Peripheral Device: C0:83:A5:6D:02:3C
2022-04-14 17:36:56,551 | MainThread   | [INFO    ] | _connect            |: Connected to C0:83:A5:6D:02:3C
2022-04-14 17:37:58,974 | MainThread   | [INFO    ] | disconnect_handler  |: Disconnected from B45C71B2-3BCA-639D-7AF3-3C14C2003C3E
2022-04-14 17:38:11,998 | MainThread   | [INFO    ] | _connect            |: Looking for Artemis Nano Peripheral Device: C0:83:A5:6D:02:3C
2022-04-14 17:38:17,799 | MainThread   | [INFO    ] | _connect            |: Connected to C0:83:A5:6D:02:3C
2022-04-14 17:40:33,091 | MainThread   | [INFO    ] | disconnect_handler  |: Disconnected from B45C71B2-3BCA-639D-7AF3-3C14C2003C3E
2022-04-14 17:40:43,438 | MainThread   | [INFO    ] | _connect            |: Looking for Artemis Nano Peripheral Device: C0:83:A5:6D:02:3C
2022-04-14 17:40:47,598 | MainThread   | [INFO    ] | _connect            |: Connected to C0:83:A5:6D:02:3C
2022-04-14 17:42:17,077 | MainThread   | [INFO    ] | disconnect_handler  |: Disconnected from B45C71B2-3BCA-639D-7AF3-3C14C2003C3E
2022-04-14 17:42:26,522 | MainThread   | [INFO    ] | _connect            |: Looking for Artemis Nano Peripheral Device: C0:83:A5:6D:02:3C
2022-04-14 17:42:51,716 | MainThread   | [ERROR   ] | _connect            |: disconnected
2022-04-14 17:42:52,746 | MainThread   | [INFO    ] | exit_handler        |: Exiting...
2022-04-14 17:42:52,748 | MainThread   | [WARNING ] | exit_handler        |: Could not disconnect before exiting
2022-04-14 17:42:52,750 | MainThread   | [WARNING ] | exit_handler        |: Not connected to a BLE device
2022-04-14 17:42:56,880 | MainThread   | [DEBUG   ] | __init__            |: Python Info: sys.version_info(major=3, minor=9, micro=12, releaselevel='final', serial=0)
2022-04-14 17:42:56,880 | MainThread   | [DEBUG   ] | __init__            |: System Info: macOS-12.2-x86_64-i386-64bit
2022-04-14 17:42:58,027 | MainThread   | [INFO    ] | _connect            |: Looking for Artemis Nano Peripheral Device: C0:83:A5:6D:02:3C
2022-04-14 17:43:04,000 | MainThread   | [INFO    ] | _connect            |: Connected to C0:83:A5:6D:02:3C
2022-04-14 17:44:19,203 | MainThread   | [INFO    ] | disconnect_handler  |: Disconnected from B45C71B2-3BCA-639D-7AF3-3C14C2003C3E
2022-04-14 17:44:24,850 | MainThread   | [INFO    ] | _connect            |: Looking for Artemis Nano Peripheral Device: C0:83:A5:6D:02:3C
2022-04-14 17:44:31,895 | MainThread   | [INFO    ] | _connect            |: Connected to C0:83:A5:6D:02:3C
2022-04-14 17:45:29,617 | MainThread   | [INFO    ] | disconnect_handler  |: Disconnected from B45C71B2-3BCA-639D-7AF3-3C14C2003C3E
2022-04-14 17:45:32,142 | MainThread   | [INFO    ] | _connect            |: Looking for Artemis Nano Peripheral Device: C0:83:A5:6D:02:3C
2022-04-14 17:45:38,733 | MainThread   | [INFO    ] | _connect            |: Connected to C0:83:A5:6D:02:3C
2022-04-14 17:47:48,892 | MainThread   | [INFO    ] | disconnect_handler  |: Disconnected from B45C71B2-3BCA-639D-7AF3-3C14C2003C3E
2022-04-14 17:48:09,297 | MainThread   | [INFO    ] | _connect            |: Looking for Artemis Nano Peripheral Device: C0:83:A5:6D:02:3C
2022-04-14 17:48:13,938 | MainThread   | [INFO    ] | _connect            |: Connected to C0:83:A5:6D:02:3C
2022-04-14 17:50:21,551 | MainThread   | [INFO    ] | disconnect_handler  |: Disconnected from B45C71B2-3BCA-639D-7AF3-3C14C2003C3E
2022-04-15 00:38:47,130 | MainThread   | [INFO    ] | exit_handler        |: Exiting...
2022-04-15 00:38:47,222 | MainThread   | [WARNING ] | exit_handler        |: Could not disconnect before exiting
2022-04-15 00:38:47,226 | MainThread   | [WARNING ] | exit_handler        |: Not connected to a BLE device
